Error: ENOENT: no such file or directory, stat 't:\_CODE_\puerts.github.io\puerts\unity\native_src\cmake\ios.toolchain.cmake'
	at statSync (node:fs:1538:3)
	at e.statSync (node:electron/js2c/asar_bundle:5:4539)
	at Object.statSync (c:\Users\zombieyang\.vscode\extensions\qiu8310.dot-template-vscode-0.4.0\node_modules\graceful-fs\polyfills.js:308:16)
	at isFileEmpty (c:\Users\zombieyang\.vscode\extensions\qiu8310.dot-template-vscode-0.4.0\node_modules\dot-template-core\out\core\commands\Command.js:65:79)
	at c:\Users\zombieyang\.vscode\extensions\qiu8310.dot-template-vscode-0.4.0\node_modules\dot-template-core\out\core\commands\Command.js:72:80
	at Array.filter (<anonymous>)
	at Command.filter (c:\Users\zombieyang\.vscode\extensions\qiu8310.dot-template-vscode-0.4.0\node_modules\dot-template-core\out\core\commands\Command.js:70:14)
	at new CreateTemplateFilesCommand (c:\Users\zombieyang\.vscode\extensions\qiu8310.dot-template-vscode-0.4.0\node_modules\dot-template-core\out\core\commands\CreateTemplateFilesCommand.js:31:29)
	at c:\Users\zombieyang\.vscode\extensions\qiu8310.dot-template-vscode-0.4.0\node_modules\dot-template-core\out\core\Commander.js:160:80
	at Commander.<anonymous> (c:\Users\zombieyang\.vscode\extensions\qiu8310.dot-template-vscode-0.4.0\node_modules\dot-template-core\out\core\Commander.js:129:46)
	at step (c:\Users\zombieyang\.vscode\extensions\qiu8310.dot-template-vscode-0.4.0\node_modules\dot-template-core\node_modules\tslib\tslib.js:133:27)
	at Object.next (c:\Users\zombieyang\.vscode\extensions\qiu8310.dot-template-vscode-0.4.0\node_modules\dot-template-core\node_modules\tslib\tslib.js:114:57)
	at c:\Users\zombieyang\.vscode\extensions\qiu8310.dot-template-vscode-0.4.0\node_modules\dot-template-core\node_modules\tslib\tslib.js:107:75
	at new Promise (<anonymous>)
	at Object.__awaiter (c:\Users\zombieyang\.vscode\extensions\qiu8310.dot-template-vscode-0.4.0\node_modules\dot-template-core\node_modules\tslib\tslib.js:103:16)
	at Commander.wrap (c:\Users\zombieyang\.vscode\extensions\qiu8310.dot-template-vscode-0.4.0\node_modules\dot-template-core\out\core\Commander.js:123:24)
	at Commander.<anonymous> (c:\Users\zombieyang\.vscode\extensions\qiu8310.dot-template-vscode-0.4.0\node_modules\dot-template-core\out\core\Commander.js:160:44)
	at step (c:\Users\zombieyang\.vscode\extensions\qiu8310.dot-template-vscode-0.4.0\node_modules\dot-template-core\node_modules\tslib\tslib.js:133:27)
	at Object.next (c:\Users\zombieyang\.vscode\extensions\qiu8310.dot-template-vscode-0.4.0\node_modules\dot-template-core\node_modules\tslib\tslib.js:114:57)
	at c:\Users\zombieyang\.vscode\extensions\qiu8310.dot-template-vscode-0.4.0\node_modules\dot-template-core\node_modules\tslib\tslib.js:107:75
	at new Promise (<anonymous>)
	at Object.__awaiter (c:\Users\zombieyang\.vscode\extensions\qiu8310.dot-template-vscode-0.4.0\node_modules\dot-template-core\node_modules\tslib\tslib.js:103:16)
	at Commander.addCreateTemplateFilesCommand (c:\Users\zombieyang\.vscode\extensions\qiu8310.dot-template-vscode-0.4.0\node_modules\dot-template-core\out\core\Commander.js:157:24)
	at Application.<anonymous> (c:\Users\zombieyang\.vscode\extensions\qiu8310.dot-template-vscode-0.4.0\node_modules\dot-template-core\out\core\Application.js:49:61)
	at step (c:\Users\zombieyang\.vscode\extensions\qiu8310.dot-template-vscode-0.4.0\node_modules\dot-template-core\node_modules\tslib\tslib.js:133:27)
	at Object.next (c:\Users\zombieyang\.vscode\extensions\qiu8310.dot-template-vscode-0.4.0\node_modules\dot-template-core\node_modules\tslib\tslib.js:114:57)
	at c:\Users\zombieyang\.vscode\extensions\qiu8310.dot-template-vscode-0.4.0\node_modules\dot-template-core\node_modules\tslib\tslib.js:107:75
	at new Promise (<anonymous>)
	at Object.__awaiter (c:\Users\zombieyang\.vscode\extensions\qiu8310.dot-template-vscode-0.4.0\node_modules\dot-template-core\node_modules\tslib\tslib.js:103:16)
	at Application.createTemplateFiles (c:\Users\zombieyang\.vscode\extensions\qiu8310.dot-template-vscode-0.4.0\node_modules\dot-template-core\out\core\Application.js:47:28)
	at Application.<anonymous> (c:\Users\zombieyang\.vscode\extensions\qiu8310.dot-template-vscode-0.4.0\node_modules\dot-template-core\out\core\Application.js:109:51)
	at step (c:\Users\zombieyang\.vscode\extensions\qiu8310.dot-template-vscode-0.4.0\node_modules\dot-template-core\node_modules\tslib\tslib.js:133:27)
	at Object.next (c:\Users\zombieyang\.vscode\extensions\qiu8310.dot-template-vscode-0.4.0\node_modules\dot-template-core\node_modules\tslib\tslib.js:114:57)
	at c:\Users\zombieyang\.vscode\extensions\qiu8310.dot-template-vscode-0.4.0\node_modules\dot-template-core\node_modules\tslib\tslib.js:107:75
	at new Promise (<anonymous>)
	at Object.__awaiter (c:\Users\zombieyang\.vscode\extensions\qiu8310.dot-template-vscode-0.4.0\node_modules\dot-template-core\node_modules\tslib\tslib.js:103:16)
	at run (c:\Users\zombieyang\.vscode\extensions\qiu8310.dot-template-vscode-0.4.0\node_modules\dot-template-core\out\core\Application.js:84:48)
	at Application.<anonymous> (c:\Users\zombieyang\.vscode\extensions\qiu8310.dot-template-vscode-0.4.0\node_modules\dot-template-core\out\core\Application.js:153:50)
	at step (c:\Users\zombieyang\.vscode\extensions\qiu8310.dot-template-vscode-0.4.0\node_modules\dot-template-core\node_modules\tslib\tslib.js:133:27)
	at Object.next (c:\Users\zombieyang\.vscode\extensions\qiu8310.dot-template-vscode-0.4.0\node_modules\dot-template-core\node_modules\tslib\tslib.js:114:57)
	at c:\Users\zombieyang\.vscode\extensions\qiu8310.dot-template-vscode-0.4.0\node_modules\dot-template-core\node_modules\tslib\tslib.js:107:75
	at new Promise (<anonymous>)
	at Object.__awaiter (c:\Users\zombieyang\.vscode\extensions\qiu8310.dot-template-vscode-0.4.0\node_modules\dot-template-core\node_modules\tslib\tslib.js:103:16)
	at Timeout._onTimeout (c:\Users\zombieyang\.vscode\extensions\qiu8310.dot-template-vscode-0.4.0\node_modules\dot-template-core\out\core\Application.js:144:59)
	at listOnTimeout (node:internal/timers:559:17)
	at process.processTimers (node:internal/timers:502:7)